2025-09-09 11:51:45,502 [INFO] app.main - 🛑 Shutting down Stock Management API... (main.py:24)
2025-09-09 11:51:46,620 [DEBUG] passlib.utils.compat - loaded lazy attr 'SafeConfigParser': <class 'configparser.ConfigParser'> (__init__.py:449)
2025-09-09 11:51:46,621 [DEBUG] passlib.utils.compat - loaded lazy attr 'NativeStringIO': <class '_io.StringIO'> (__init__.py:449)
2025-09-09 11:51:46,621 [DEBUG] passlib.utils.compat - loaded lazy attr 'BytesIO': <class '_io.BytesIO'> (__init__.py:449)
2025-09-09 11:51:46,645 [DEBUG] passlib.registry - registered 'sha256_crypt' handler: <class 'passlib.handlers.sha2_crypt.sha256_crypt'> (registry.py:296)
2025-09-09 11:51:49,055 [DEBUG] passlib.utils.compat - loaded lazy attr 'SafeConfigParser': <class 'configparser.ConfigParser'> (__init__.py:449)
2025-09-09 11:51:49,055 [DEBUG] passlib.utils.compat - loaded lazy attr 'NativeStringIO': <class '_io.StringIO'> (__init__.py:449)
2025-09-09 11:51:49,055 [DEBUG] passlib.utils.compat - loaded lazy attr 'BytesIO': <class '_io.BytesIO'> (__init__.py:449)
2025-09-09 11:51:49,074 [DEBUG] passlib.registry - registered 'sha256_crypt' handler: <class 'passlib.handlers.sha2_crypt.sha256_crypt'> (registry.py:296)
2025-09-09 11:51:49,223 [INFO] app.main - 🚀 Starting Stock Management API... (main.py:16)
2025-09-09 11:51:49,267 [INFO] app.startup - ✅ Connected to PostgreSQL successfully! (startup.py:21)
2025-09-09 11:51:49,273 [INFO] app.startup - ✅ Database tables created successfully! (startup.py:35)
2025-09-09 12:00:09,338 [INFO] app.main - 🛑 Shutting down Stock Management API... (main.py:24)
2025-09-09 12:00:10,408 [DEBUG] passlib.utils.compat - loaded lazy attr 'SafeConfigParser': <class 'configparser.ConfigParser'> (__init__.py:449)
2025-09-09 12:00:10,408 [DEBUG] passlib.utils.compat - loaded lazy attr 'NativeStringIO': <class '_io.StringIO'> (__init__.py:449)
2025-09-09 12:00:10,409 [DEBUG] passlib.utils.compat - loaded lazy attr 'BytesIO': <class '_io.BytesIO'> (__init__.py:449)
2025-09-09 12:00:10,429 [DEBUG] passlib.registry - registered 'sha256_crypt' handler: <class 'passlib.handlers.sha2_crypt.sha256_crypt'> (registry.py:296)
2025-09-09 12:00:10,565 [INFO] app.main - 🚀 Starting Stock Management API... (main.py:16)
2025-09-09 12:00:10,623 [INFO] app.startup - ✅ Connected to PostgreSQL successfully! (startup.py:21)
2025-09-09 12:00:10,634 [INFO] app.startup - ✅ Database tables created successfully! (startup.py:35)
2025-09-09 12:00:27,480 [INFO] app.main - 🛑 Shutting down Stock Management API... (main.py:24)
2025-09-09 12:00:28,443 [DEBUG] passlib.utils.compat - loaded lazy attr 'SafeConfigParser': <class 'configparser.ConfigParser'> (__init__.py:449)
2025-09-09 12:00:28,443 [DEBUG] passlib.utils.compat - loaded lazy attr 'NativeStringIO': <class '_io.StringIO'> (__init__.py:449)
2025-09-09 12:00:28,444 [DEBUG] passlib.utils.compat - loaded lazy attr 'BytesIO': <class '_io.BytesIO'> (__init__.py:449)
2025-09-09 12:00:28,463 [DEBUG] passlib.registry - registered 'sha256_crypt' handler: <class 'passlib.handlers.sha2_crypt.sha256_crypt'> (registry.py:296)
2025-09-09 12:00:28,580 [INFO] app.main - 🚀 Starting Stock Management API... (main.py:16)
2025-09-09 12:00:28,621 [INFO] app.startup - ✅ Connected to PostgreSQL successfully! (startup.py:21)
2025-09-09 12:00:28,630 [INFO] app.startup - ✅ Database tables created successfully! (startup.py:35)
2025-09-09 12:00:40,950 [INFO] app.main - 🛑 Shutting down Stock Management API... (main.py:24)
2025-09-09 12:00:41,907 [DEBUG] passlib.utils.compat - loaded lazy attr 'SafeConfigParser': <class 'configparser.ConfigParser'> (__init__.py:449)
2025-09-09 12:00:41,908 [DEBUG] passlib.utils.compat - loaded lazy attr 'NativeStringIO': <class '_io.StringIO'> (__init__.py:449)
2025-09-09 12:00:41,908 [DEBUG] passlib.utils.compat - loaded lazy attr 'BytesIO': <class '_io.BytesIO'> (__init__.py:449)
2025-09-09 12:00:41,927 [DEBUG] passlib.registry - registered 'sha256_crypt' handler: <class 'passlib.handlers.sha2_crypt.sha256_crypt'> (registry.py:296)
2025-09-09 12:00:42,048 [INFO] app.main - 🚀 Starting Stock Management API... (main.py:16)
2025-09-09 12:00:42,092 [INFO] app.startup - ✅ Connected to PostgreSQL successfully! (startup.py:21)
2025-09-09 12:00:42,099 [INFO] app.startup - ✅ Database tables created successfully! (startup.py:35)
2025-09-09 12:01:28,223 [INFO] app.main - 🛑 Shutting down Stock Management API... (main.py:24)
2025-09-09 12:01:29,178 [DEBUG] passlib.utils.compat - loaded lazy attr 'SafeConfigParser': <class 'configparser.ConfigParser'> (__init__.py:449)
2025-09-09 12:01:29,179 [DEBUG] passlib.utils.compat - loaded lazy attr 'NativeStringIO': <class '_io.StringIO'> (__init__.py:449)
2025-09-09 12:01:29,179 [DEBUG] passlib.utils.compat - loaded lazy attr 'BytesIO': <class '_io.BytesIO'> (__init__.py:449)
2025-09-09 12:01:29,198 [DEBUG] passlib.registry - registered 'sha256_crypt' handler: <class 'passlib.handlers.sha2_crypt.sha256_crypt'> (registry.py:296)
2025-09-09 12:01:29,305 [INFO] app.main - 🚀 Starting Stock Management API... (main.py:16)
2025-09-09 12:01:29,354 [INFO] app.startup - ✅ Connected to PostgreSQL successfully! (startup.py:21)
2025-09-09 12:01:29,362 [INFO] app.startup - ✅ Database tables created successfully! (startup.py:35)
2025-09-09 12:01:44,179 [INFO] app.main - 🛑 Shutting down Stock Management API... (main.py:24)
2025-09-09 12:01:56,058 [DEBUG] passlib.utils.compat - loaded lazy attr 'SafeConfigParser': <class 'configparser.ConfigParser'> (__init__.py:449)
2025-09-09 12:01:56,060 [DEBUG] passlib.utils.compat - loaded lazy attr 'NativeStringIO': <class '_io.StringIO'> (__init__.py:449)
2025-09-09 12:01:56,060 [DEBUG] passlib.utils.compat - loaded lazy attr 'BytesIO': <class '_io.BytesIO'> (__init__.py:449)
2025-09-09 12:01:56,096 [DEBUG] passlib.registry - registered 'sha256_crypt' handler: <class 'passlib.handlers.sha2_crypt.sha256_crypt'> (registry.py:296)
2025-09-09 12:01:56,252 [INFO] app.main - 🚀 Starting Stock Management API... (main.py:16)
2025-09-09 12:01:56,314 [INFO] app.startup - ✅ Connected to PostgreSQL successfully! (startup.py:21)
2025-09-09 12:01:56,325 [INFO] app.startup - ✅ Database tables created successfully! (startup.py:35)
2025-09-09 12:18:08,153 [INFO] app.main - 🛑 Shutting down Stock Management API... (main.py:24)
